335
248
248
248
248
248
248
292
248
248
228
183
248
306
335
306
306
306
59
59
306
59
306
306
306
306
306
306
205
306
306
306
306
306
306
306
306
306
292
306
292
292
292
292
210
210
292
292
292
292
228
228
228
292
292
292
306
306
306
306
306
306
306
306
306
248
306
306
306
306
306
306
335
335
335
306
284
306
306
335
306
306
306
335
306
306
306
335
306
335
248
335
306
306
335
306
335
306
335
335
335
335
183
183
292
292
248
248
292
292
248
292
292
248
183
248
248
306
306
306
8
59
306
71
71
71
59
59
335
51
51
358
358
30
335
358
358
335
335
335
51
335
335
335
30
335
335
335
358
358
335
335
335
335
335
335
335
99
51
335
335
335
335
51
59
59
248
248
248
248
248
248
248
242
306
306
306
29
29
29
306
306
306
306
29
242
306
306
59
59
335
183
183
59
59
183
248
306
183
59
292
292
335
292
292
292
292
248
183
292
292
5
248
248
5
292
292
248
248
248
5
335
248
248
59
306
306
306
5
306
248
248
5
5
5
5
248
59
59
59
59
59
59
59
292
59
248
292
248
292
292
171
292
171
248
306
371
248
306
248
371
248
248
248
306
248
306
138
138
138
138
138
59
335
51
59
183
335
335
59
316
335
335
335
200
200
335
335
200
335
335
335
200
335
335
335
316
335
335
168
168
59
59
168
59
168
168
168
168
59
168
59
168
59
59
59
59
59
59
168
292
292
306
306
306
306
396
396
306
396
306
396
396
306
335
306
306
306
335
335
335
335
283
306
306
306
306
248
292
292
283
292
283
306
29
306
306
292
292
306
283
283
306
335
335
283
283
335
283
335
283
283
283
283
335
335
335
335
335
250
248
248
248
248
250
250
183
248
335
335
219
59
59
59
345
219
59
59
219
219
345
219
219
59
219
219
59
48
48
48
48
59
59
59
48
59
48
59
48
48
183
183
248
59
59
306
306
248
306
306
306
306
306
306
306
248
248
248
248
248
248
248
306
248
248
292
292
248
248
248
248
248
335
335
335
335
335
306
248
248
248
380
380
380
380
183
380
59
335
248
183
183
183
59
59
59
59
59
59
306
183
59
59
59
268
268
59
59
268
268
59
268
59
268
268
59
268
59
59
268
183
59
268
268
268
59
268
183
268
59
268
59
268
183
183
335
183
59
268
335
59
59
268
59
59
268
335
59
268
306
228
397
306
306
228
228
292
306
248
283
306
248
142
142
335
306
283
335
335
335
283
335
306
335
306
335
283
335
59
183
306
335
306
335
335
335
306
283
283
283
283
283
248
283
283
248
283
335
335
283
335
335
335
306
335
335
306
335
335
335
306
306
306
283
306
335
306
306
306
335
335
335
306
335
306
306
335
306
335
306
335
335
335
306
306
306
306
335
335
335
306
306
306
335
306
306
283
306
306
306
335
30
335
335
335
30
335
30
335
335
30
335
30
335
30
335
30
335
30
335
30
335
335
30
335
30
183
183
265
265
183
274
274
274
274
183
368
368
368
369
369
183
183
183
183
59
59
59
59
59
268
292
292
329
292
292
329
329
329
292
329
292
292
329
51
335
195
51
335
335
202
51
202
202
335
335
51
51
51
335
335
335
51
51
335
51
335
335
51
51
335
335
51
51
51
51
51
51
51
335
30
335
51
51
335
51
51
335
335
335
335
51
335
335
51
51
335
335
397
248
228
248
248
248
248
248
248
292
58
335
335
335
335
335
183
335
59
59
59
280
280
280
280
280
280
280
150
150
280
59
150
280
280
59
59
280
280
248
248
292
292
292
292
387
292
306
387
306
292
387
292
292
292
387
292
196
387
315
315
315
315
292
387
315
315
315
292
315
315
292
292
292
183
292
183
292
183
292
292
183
183
183
292
387
306
292
292
183
292
183
183
292
183
292
183
183
183
292
292
292
292
292
292
292
183
292
183
292
183
292
183
183
183
292
292
183
183
183
183
183
292
230
230
98
98
230
98
230
230
335
335
335
335
335
335
230
230
379
379
243
243
183
243
335
230
183
292
259
183
259
259
183
259
335
292
259
59
75
75
75
75
59
75
59
75
75
75
59
59
59
59
75
75
59
59
59
59
59
75
75
59
59
292
230
230
292
292
59
183
335
183
183
230
335
335
335
335
230
335
230
230
335
230
230
335
230
335
230
230
248
51
335
59
306
306
183
248
30
248
248
248
248
30
183
183
335
335
292
169
292
169
169
292
292
335
292
292
292
292
358
292
292
335
51
51
96
51
96
96
96
358
59
282
358
51
358
30
30
335
335
335
51
51
51
51
335
335
30
30
30
30
30
30
335
106
106
30
30
358
335
335
335
335
30
30
358
30
358
306
59
59
335
248
248
30
248
30
248
248
248
30
248
248
248
30
335
30
335
335
335
335
59
30
59
30
306
30
30
30
30
183
30
30
30
30
30
30
30
335
30
30
50
50
107
50
50
50
50
50
107
335
306
50
335
335
306
306
335
306
306
335
335
306
50
50
50
50
335
335
335
335
306
335
335
306
335
335
306
335
306
335
335
306
335
335
306
335
306
306
306
335
306
50
50
50
50
306
306
335
306
306
50
50
306
306
248
248
292
335
335
292
248
183
292
248
335
335
306
306
183
183
306
335
197
306
306
306
306
335
306
306
335
197
197
335
306
306
306
306
306
183
183
183
183
335
306
59
183
183
189
133
59
183
189
59
183
189
189
189
59
189
189
59
335
335
335
59
183
235
335
335
335
335
248
248
248
59
59
335
306
335
335
306
335
283
306
306
306
335
335
306
283
335
306
335
283
335
335
335
283
335
283
335
335
335
283
335
306
283
306
306
306
306
335
306
306
306
197
306
183
184
197
292
11
292
197
292
11
327
327
11
11
306
292
183
152
183
356
183
152
152
152
71
71
152
152
152
152
152
152
18
18
183
18
306
306
197
306
197
197
197
306
197
306
306
306
335
306
197
306
197
197
197
306
197
197
335
306
306
197
306
306
335
197
248
197
306
248
306
306
197
197
197
306
197
197
105
105
105
105
105
292
105
292
105
292
292
292
292
292
292
105
292
292
105
197
278
278
197
270
270
270
270
59
197
335
335
335
335
335
306
335
306
335
335
335
335
335
335
335
306
335
197
335
335
335
335
335
335
306
335
306
335
335
335
335
306
306
306
306
335
335
306
306
335
306
306
306
335
306
335
306
306
335
335
306
306
306
306
306
335
306
335
306
335
335
306
306
306
248
355
355
306
355
355
248
248
248
355
248
292
292
183
292
335
59
59
248
248
59
59
59
204
204
248
248
248
183
167
42
167
167
42
335
248
335
335
335
335
248
248
248
335
248
335
335
348
335
248
248
248
248
248
335
30
248
30
335
248
335
226
248
30
248
30
248
30
30
30
335
335
30
335
30
30
183
59
30
30
335
30
335
335
59
30
59
183
292
354
354
354
292
183
292
183
183
342
292
292
292
292
292
183
342
342
342
342
342
292
342
292
342
342
342
292
292
342
292
342
292
342
183
342
292
342
342
292
342
292
342
292
342
183
335
306
306
335
306
335
335
197
335
306
306
306
335
335
306
335
197
306
335
197
306
335
306
335
335
306
335
306
283
335
335
335
335
335
335
335
335
306
335
335
335
335
335
306
335
335
306
248
59
59
59
59
59
59
248
59
59
248
59
248
59
248
248
248
248
59
59
59
59
248
248
248
248
248
248
335
335
306
306
248
248
248
335
306
335
306
335
306
335
335
335
306
306
335
306
306
335
335
335
313
335
240
240
27
240
240
292
292
292
132
132
132
132
132
132
183
292
132
292
292
132
292
292
132
292
132
292
132
292
132
132
292
132
292
183
292
302
292
292
132
292
292
292
292
292
132
292
292
292
183
292
292
183
132
306
306
306
306
306
292
292
183
292
335
335
335
335
335
59
248
183
183
183
59
183
306
306
306
59
306
59
59
306
248
136
248
136
136
248
248
136
136
248
136
248
136
136
248
248
136
248
136
136
248
59
59
59
59
183
216
183
183
183
183
216
183
183
216
216
183
183
183
183
292
292
321
321
292
292
321
321
292
321
292
335
335
335
59
335
343
335
343
335
335
335
335
343
335
306
306
335
335
335
335
306
306
335
306
183
59
183
59
183
59
183
59
183
183
183
59
183
183
59
183
59
183
183
183
59
183
183
59
183
183
59
59
59
59
183
59
59
183
59
183
59
183
59
183
183
59
183
183
317
248
248
317
306
248
335
335
292
292
292
292
306
292
292
292
306
292
210
292
292
306
292
292
306
292
335
335
306
306
183
183
292
183
292
183
248
183
306
306
306
306
59
183
59
183
59
59
183
59
183
183
59
59
248
248
248
248
335
248
306
306
306
306
335
335
335
335
335
335
248
248
248
248
335
248
335
335
335
248
335
335
335
248
335
335
248
335
248
335
248
335
248
248
248
335
335
248
248
248
335
248
335
335
248
335
335
248
335
335
248
335
248
335
248
335
248
335
248
335
248
335
248
335
335
335
292
292
292
292
292
292
292
292
397
397
397
335
292
397
397
292
292
292
306
397
397
397
292
397
397
248
59
183
306
335
59
108
59
108
59
108
108
59
108
292
59
306
183
183
183
183
59
59
9
100
9
100
9
100
9
100
100
100
100
100
97
102
100
10
100
100
100
183
183
183
183
183
183
183
183
183
183
183
183
183
183
183
94
183
183
183
183
183
292
183
292
248
248
248
183
183
248
183
183
183
183
183
183
183
183
183
183
183
59
183
306
183
183
183
108
59
108
108
108
59
59
59
59
59
108
183
183
335
335
183
335
335
335
335
183
183
335
335
183
183
335
183
335
183
183
183
183
183
183
183
183
183
183
183
253
335
335
183
335
183
183
306
306
306
306
292
292
292
306
306
59
59
108
59
108
108
59
108
108
59
59
59
108
108
108
108
108
59
108
59
59
59
108
108
59
108
108
108
59
59
108
59
59
59
59
59
183
183
59
59
108
108
183
183
108
59
59
183
183
108
108
108
108
108
108
108
108
183
59
183
183
183
59
183
183
183
183
183
183
306
306
335
335
335
30
30
306
306
306
30
30
335
335
30
306
335
335
306
306
306
30
30
30
30
51
30
51
335
30
30
30
30
30
30
30
30
30
306
30
306
358
30
335
335
335
335
335
335
213
59
59
59
59
59
335
59
59
59
335
335
335
335
213
74
59
35
35
335
255
255
255
255
59
59
59
59
248
248
273
273
273
248
273
273
273
273
306
248
306
306
273
335
335
335
273
257
257
257
257
257
257
257
257
257
257
257
257
292
292
273
273
273
273
339
339
339
339
339
339
339
339
339
339
339
292
339
339
339
335
335
306
335
292
292
292
339
306
306
306
335
306
306
306
306
306
306
306
335
306
306
335
306
317
317
317
248
317
317
317
317
317
317
317
248
317
248
317
317
317
317
317
248
248
248
248
248
248
248
317
248
248
317
248
317
168
168
59
168
59
59
168
168
59
59
59
59
292
59