335
248
248
248
248
248
248
292
248
248
335
183
335
306
335
306
306
306
59
59
306
59
306
306
306
306
306
306
335
306
306
306
306
306
306
306
306
306
292
306
292
292
292
292
210
210
292
292
292
292
335
59
228
292
292
292
335
306
306
306
306
306
335
306
306
248
306
306
306
306
306
306
335
335
335
306
284
306
335
335
306
306
306
335
306
306
306
335
306
335
248
248
306
306
335
306
335
335
335
335
335
335
183
183
292
292
248
248
292
292
248
292
292
248
292
248
335
306
306
306
8
59
306
59
335
59
59
59
335
51
51
51
358
30
335
358
51
335
335
335
51
335
335
335
306
335
335
335
59
59
335
335
335
335
335
335
335
335
99
335
335
335
335
51
59
59
248
248
248
248
248
248
335
242
306
306
306
29
29
29
306
306
306
306
335
248
306
306
59
59
335
183
183
59
59
183
183
306
335
59
292
292
335
292
292
292
292
248
183
292
292
5
248
248
5
292
292
248
248
248
5
335
248
248
59
306
306
306
335
306
248
248
335
335
335
335
248
59
59
59
59
59
59
59
292
59
248
292
248
306
292
292
292
248
248
306
306
248
306
248
248
248
197
306
306
248
306
306
306
292
138
30
59
59
59
59
335
335
59
59
335
335
335
335
30
30
335
335
200
335
335
335
248
335
335
335
316
335
335
168
335
59
59
59
59
306
168
168
168
59
306
59
306
59
59
59
59
59
59
292
292
292
306
306
306
306
396
396
306
248
306
335
335
306
335
306
306
306
335
335
335
335
335
306
306
306
306
248
292
292
335
292
306
306
29
306
306
292
292
306
283
306
306
335
335
306
306
335
306
335
292
283
292
292
335
335
335
335
335
337
248
248
248
248
248
248
183
248
335
335
219
59
59
59
59
183
59
59
219
219
306
292
306
59
219
219
59
59
48
59
183
59
59
59
48
59
48
59
48
48
183
183
248
248
248
306
306
248
306
306
306
306
306
306
306
248
248
248
248
248
248
248
335
248
248
292
292
248
248
248
248
248
335
335
335
335
335
306
248
248
248
306
335
335
380
183
59
59
335
248
183
59
59
59
59
59
59
59
59
59
306
59
59
59
268
268
59
59
183
268
59
335
59
268
268
335
268
335
335
306
183
335
335
268
335
335
183
183
306
183
335
335
268
183
183
59
183
335
59
335
59
59
335
335
59
306
335
306
268
306
183
197
306
306
306
306
292
306
59
283
306
292
335
183
335
51
335
335
335
335
283
306
306
306
306
306
335
59
59
183
306
335
306
335
335
335
306
335
306
335
283
283
248
306
306
248
283
335
335
306
335
335
335
306
335
335
306
335
335
335
306
306
306
30
306
335
306
306
306
335
306
306
306
335
306
306
335
306
335
306
335
335
335
306
306
306
306
335
335
335
306
306
306
335
306
306
283
306
306
306
335
335
335
335
335
30
335
335
335
335
30
335
30
335
335
335
30
335
30
335
30
335
335
30
335
30
306
306
335
317
183
306
306
292
248
183
248
183
387
320
59
183
183
183
183
59
59
59
59
59
268
292
292
329
292
292
283
248
105
292
59
292
292
329
51
335
51
51
335
335
51
51
51
51
335
335
51
51
306
335
335
335
51
306
335
306
335
335
306
306
335
335
183
183
306
335
335
335
306
335
30
335
306
306
335
335
51
335
335
335
335
51
335
335
51
51
335
335
51
335
335
248
248
248
248
248
248
292
183
335
335
335
335
335
183
335
59
335
59
280
280
280
280
280
280
335
150
248
59
59
335
280
248
59
59
306
59
248
248
292
292
292
292
387
292
306
292
306
292
306
292
292
292
248
292
292
267
292
292
306
283
292
306
335
335
335
292
59
335
292
292
292
183
292
292
292
183
248
335
183
183
59
292
306
306
292
335
183
292
183
183
292
183
292
183
183
183
292
292
292
292
292
292
292
292
183
183
292
183
183
183
183
183
60
292
183
183
183
183
183
292
59
335
59
59
335
59
59
59
335
335
335
335
335
335
335
248
248
59
306
306
183
248
335
248
183
59
183
183
183
59
59
59
335
59
335
59
75
75
335
75
335
75
335
75
75
75
59
59
59
59
335
335
59
59
59
59
59
306
335
59
59
292
335
335
292
292
59
183
335
183
183
335
335
335
335
335
306
335
306
335
335
335
335
335
335
335
59
30
248
248
335
59
306
306
183
248
30
248
248
248
248
248
183
183
306
306
292
30
292
30
30
30
30
335
335
30
30
335
358
292
292
335
51
51
96
306
96
96
96
282
59
306
306
51
358
335
335
335
335
335
51
51
335
335
335
335
30
30
30
30
335
335
335
335
335
335
335
358
335
335
335
335
30
30
358
358
335
306
59
59
335
248
248
30
248
248
248
248
248
248
248
248
248
30
335
59
335
335
335
335
59
335
59
59
306
335
30
30
30
183
335
183
335
335
335
335
335
335
335
335
50
50
183
50
50
50
50
50
335
335
59
30
335
335
306
306
335
306
306
335
335
306
335
335
335
335
335
335
335
335
306
335
335
306
335
335
306
335
306
335
335
306
335
335
306
335
306
306
306
335
335
50
335
335
335
306
306
335
306
306
335
335
306
306
292
306
292
335
335
292
292
306
292
335
335
335
335
306
183
183
306
335
197
306
306
306
306
335
335
306
335
197
197
335
335
306
306
306
306
183
183
183
183
335
335
59
335
335
335
335
335
183
183
59
183
183
183
183
59
183
183
59
335
335
335
335
183
335
335
335
335
335
248
248
248
59
335
335
306
335
335
306
335
306
306
306
306
335
335
306
335
335
306
335
335
335
335
335
335
335
30
335
335
335
30
335
59
335
306
306
306
306
335
306
306
306
197
306
183
335
197
306
197
292
306
292
292
306
306
306
335
306
292
183
183
183
356
183
59
183
292
71
71
356
335
335
335
152
152
18
59
183
59
306
306
248
306
248
197
197
306
197
306
306
306
335
306
197
306
197
197
197
306
197
335
335
306
306
335
306
306
335
335
248
248
306
197
306
306
197
197
197
197
197
197
306
306
105
335
335
292
335
292
335
292
292
292
292
292
292
105
292
292
292
197
197
197
197
197
197
306
197
59
197
335
335
335
335
335
306
335
306
335
335
335
335
335
335
335
306
335
197
335
335
335
335
335
335
306
335
335
335
335
335
335
306
306
306
306
335
335
306
306
335
306
306
306
335
306
335
306
306
335
248
306
306
306
306
306
248
306
335
306
335
335
306
306
306
248
306
335
306
335
335
248
248
248
59
292
292
292
183
292
335
59
59
248
248
59
59
59
183
248
248
248
248
183
167
42
167
167
42
335
306
335
335
335
335
306
248
248
335
248
335
335
248
335
248
248
306
248
248
335
30
248
335
335
306
335
335
248
248
248
30
248
30
335
335
335
335
30
335
335
248
183
59
335
183
335
228
335
335
59
30
59
183
292
292
335
306
292
183
292
183
183
342
292
292
292
292
292
183
183
292
183
183
183
292
183
292
335
335
183
292
292
59
292
59
292
183
183
335
335
335
335
335
335
335
335
292
335
183
335
306
335
335
306
335
335
197
335
306
306
306
335
335
306
335
197
306
335
306
306
335
306
335
335
306
335
306
335
335
335
335
335
335
335
335
335
306
335
335
335
335
335
306
335
335
306
248
59
59
59
59
248
59
248
59
59
248
59
248
59
248
248
248
248
59
59
59
59
248
248
248
248
248
248
335
306
306
306
248
248
248
335
306
335
306
335
306
335
317
317
306
335
317
306
306
335
335
335
313
292
313
306
306
306
306
292
292
292
183
183
183
292
292
292
183
292
183
292
292
335
292
292
335
292
59
292
292
292
59
59
292
59
292
306
292
335
292
292
292
292
292
292
292
292
292
292
292
292
183
292
59
183
183
306
306
306
292
292
292
292
248
292
335
335
335
335
335
59
335
183
183
183
59
59
306
306
306
59
306
59
59
306
248
136
248
136
335
248
248
335
248
248
136
248
136
306
248
248
136
248
136
136
248
59
59
59
59
183
387
183
183
183
183
183
183
183
59
335
183
183
183
183
292
292
292
59
292
292
292
292
292
321
292
335
335
335
59
335
248
335
306
335
335
335
335
317
335
306
306
335
335
335
335
306
306
335
306
183
59
183
59
183
59
183
59
183
183
183
59
183
183
59
183
59
183
183
183
183
183
183
59
183
183
59
59
59
59
183
59
59
183
59
183
59
183
59
183
183
335
183
183
306
248
248
317
317
248
335
335
292
292
292
292
306
292
292
292
306
292
210
292
292
306
292
292
306
292
335
335
306
306
183
183
292
59
292
248
248
306
306
306
306
59
59
183
59
183
59
59
183
59
183
183
59
59
248
248
248
248
306
248
306
306
306
306
335
335
335
335
335
335
248
248
248
248
335
248
335
335
335
306
335
335
335
248
335
335
248
335
248
335
248
335
248
248
248
306
306
248
248
248
335
248
335
335
248
335
335
248
335
335
248
335
248
335
248
335
248
335
248
335
248
335
248
335
335
335
292
292
292
292
292
292
292
292
292
292
292
183
292
306
306
292
292
292
306
397
397
306
292
306
292
248
59
183
306
335
59
59
59
59
59
108
335
59
59
292
59
306
183
335
335
335
59
59
9
100
9
100
9
9
9
100
100
183
100
100
100
100
335
9
100
100
100
183
183
183
183
183
183
248
183
183
183
183
183
59
183
183
317
183
183
183
183
183
292
183
292
248
248
248
248
306
248
248
183
248
248
335
248
335
183
183
183
183
59
183
306
59
59
183
108
59
108
108
108
59
59
59
59
59
335
183
183
335
335
183
335
335
335
335
306
306
335
335
183
183
335
183
335
59
183
183
183
183
183
183
183
306
183
183
183
335
335
306
335
183
183
306
306
306
306
292
292
292
306
306
59
59
335
59
59
183
59
108
108
59
59
59
108
108
108
108
108
59
108
59
59
59
108
108
59
59
108
108
59
59
108
59
59
59
59
59
108
108
59
59
183
108
59
59
108
59
59
183
183
108
108
108
108
108
108
108
183
183
59
183
183
183
59
183
183
183
183
183
183
306
306
335
335
335
183
30
306
306
306
335
335
335
335
30
306
335
335
306
306
306
335
30
335
335
51
335
335
335
30
30
335
335
335
335
335
335
335
306
335
306
358
30
335
335
335
335
335
335
213
59
59
59
59
59
335
59
59
59
335
335
335
335
213
35
59
59
306
335
335
335
335
59
59
335
59
59
248
248
272
272
272
306
272
292
272
272
306
248
306
306
335
335
335
335
59
257
335
185
185
185
59
335
335
335
335
185
185
292
292
257
292
272
335
339
248
339
339
339
59
339
339
339
339
339
292
335
339
335
335
335
306
335
292
292
292
59
306
306
306
335
306
306
306
306
306
306
306
335
306
306
335
306
317
317
317
248
317
317
317
317
317
317
317
248
317
248
317
317
317
317
306
248
248
248
248
248
248
248
317
248
248
317
248
317
306
26
59
306
59
59
59
306
59
59
59
59
292
59
