335
248
248
248
248
248
248
248
248
248
335
183
248
306
59
306
306
306
59
59
306
59
306
306
306
306
306
306
29
306
306
306
306
306
306
306
306
397
292
306
292
292
292
292
397
397
292
292
292
292
397
397
397
292
292
292
292
335
306
306
397
335
335
306
306
248
306
306
306
306
306
306
306
335
335
306
197
306
306
335
306
306
306
335
306
306
306
335
306
335
248
335
306
306
335
306
335
306
335
335
335
335
183
183
292
292
248
248
292
292
248
292
292
248
59
59
248
306
306
306
396
59
306
59
59
59
59
59
335
51
51
51
358
30
335
358
51
335
335
335
51
335
30
30
358
30
30
335
358
358
335
335
335
335
335
335
335
35
358
335
335
335
335
51
59
59
248
248
248
248
248
248
248
197
306
306
306
335
335
335
306
306
306
306
335
335
306
306
59
59
335
183
183
59
59
335
335
306
338
59
59
59
335
292
292
292
292
248
183
292
292
228
248
248
228
292
248
248
248
248
136
335
248
248
59
306
306
306
29
306
248
248
30
30
30
335
248
59
59
59
59
59
59
59
292
59
248
248
248
146
292
146
306
146
70
306
146
248
306
306
388
248
306
306
306
248
306
161
161
284
284
284
59
59
397
59
335
59
30
59
335
335
335
335
335
228
335
335
35
335
335
335
335
335
335
335
335
335
335
280
59
59
59
59
59
59
26
26
26
59
360
59
360
59
59
59
59
59
59
167
292
292
306
306
306
306
227
29
306
364
306
335
335
306
335
306
306
306
335
335
335
335
228
306
306
306
306
248
292
292
79
292
283
306
283
306
306
292
292
306
283
306
306
335
335
306
306
335
306
335
335
230
335
335
335
29
335
335
335
306
248
248
248
248
306
51
183
248
335
335
219
59
59
59
48
59
59
59
345
345
177
59
345
59
345
345
59
48
48
59
59
59
59
59
48
59
48
59
48
48
183
183
248
248
248
306
306
248
306
306
306
306
306
306
306
248
248
248
248
248
248
248
306
248
248
292
306
248
248
248
248
248
306
335
335
335
335
306
248
248
248
392
228
228
400
183
228
59
335
248
183
183
59
59
59
59
59
59
59
183
183
59
59
59
51
51
59
59
397
213
59
335
59
213
213
59
26
59
59
397
59
30
335
397
51
335
183
183
51
183
335
51
51
183
183
183
183
183
51
335
59
59
51
59
59
51
335
59
51
306
228
397
306
205
29
29
292
292
292
335
292
248
59
59
335
397
228
335
335
59
228
228
306
306
306
59
228
59
59
228
268
335
397
335
335
335
397
335
260
335
248
335
248
195
306
248
284
335
335
230
335
335
335
248
335
335
51
335
335
335
306
306
306
230
306
335
306
306
306
230
230
230
306
335
306
306
335
306
335
306
335
335
335
306
306
306
306
335
335
335
306
306
306
335
306
306
283
306
306
306
335
335
335
335
335
335
335
335
335
335
29
335
335
335
338
335
335
335
335
335
335
335
335
335
335
228
183
183
183
59
183
143
143
143
143
183
143
103
143
228
228
183
183
183
183
59
59
59
59
59
306
292
292
333
292
292
132
292
132
292
132
292
292
132
51
335
358
51
335
335
51
51
51
51
335
335
51
51
51
335
335
335
51
51
335
51
335
335
51
51
335
335
51
51
51
51
51
51
51
335
30
335
51
51
335
51
51
335
335
335
335
51
335
335
51
51
335
335
51
183
317
248
248
248
248
292
183
292
396
335
335
335
30
335
183
335
59
59
59
64
367
367
367
367
367
59
64
59
175
59
26
397
360
59
59
75
75
248
248
292
292
292
292
292
292
306
306
306
292
0
292
292
292
210
292
0
210
132
132
292
132
292
210
228
228
228
292
228
228
292
292
292
183
292
292
292
132
292
292
183
228
228
306
292
306
306
292
183
183
183
183
292
183
292
183
183
183
292
292
292
292
292
292
292
183
292
183
292
183
183
183
183
183
387
292
183
183
183
183
183
116
30
30
30
30
30
30
30
30
335
335
335
335
335
335
335
51
248
396
310
205
183
335
335
335
183
292
183
183
228
228
183
228
335
59
136
59
59
123
59
213
59
213
59
213
213
213
59
59
59
59
59
59
59
59
335
59
59
26
26
59
59
292
335
335
292
292
59
183
335
183
183
335
335
335
335
335
335
335
335
335
335
335
335
335
335
335
30
30
248
248
335
59
306
306
183
248
248
248
248
335
248
335
183
183
59
59
292
30
292
30
30
30
248
335
248
30
30
292
306
292
248
335
51
51
213
335
213
213
213
335
59
335
335
397
35
335
30
335
335
335
51
51
335
335
335
335
30
30
30
30
30
30
335
30
361
30
30
358
335
335
335
335
30
30
358
30
335
306
59
59
335
248
248
335
248
248
248
248
248
248
248
248
248
30
335
197
335
335
335
335
59
183
59
228
306
59
59
59
275
183
228
228
228
228
228
228
228
335
335
283
239
96
239
239
100
100
100
100
228
335
239
228
335
335
306
306
335
306
306
335
335
306
335
335
335
29
335
335
335
335
306
335
335
306
335
335
306
335
306
335
335
306
335
335
306
335
306
306
306
335
306
96
335
306
306
306
306
335
306
306
306
306
306
306
292
292
292
59
335
292
292
183
292
397
335
335
335
306
183
183
306
228
51
306
306
306
306
335
335
306
335
306
306
335
335
306
306
306
306
183
183
183
183
335
335
59
335
335
335
59
335
183
183
59
183
59
335
335
59
59
59
59
335
335
335
335
183
30
335
335
335
335
248
248
248
59
335
335
306
335
335
306
335
30
306
306
306
335
335
306
30
335
306
335
30
335
335
335
30
335
30
335
335
335
30
335
306
30
306
306
306
306
335
306
306
306
306
306
183
306
258
292
306
292
292
292
306
306
81
81
335
306
306
183
265
183
274
183
183
183
183
274
274
183
183
274
274
274
274
360
183
183
183
306
306
332
306
332
364
364
306
239
306
306
306
335
306
29
306
239
239
239
306
101
101
335
306
306
335
306
306
335
335
248
335
306
197
306
306
239
239
239
306
306
397
105
105
105
105
292
292
292
292
292
292
105
292
292
292
292
105
292
292
105
332
306
306
239
239
239
239
306
59
306
335
335
335
335
335
306
335
306
335
335
335
335
335
335
335
306
335
306
335
335
335
335
335
335
306
335
306
335
335
335
335
306
306
306
306
335
335
306
306
335
306
306
306
335
306
335
306
306
335
335
306
306
306
306
306
335
306
335
306
335
335
306
306
306
248
306
335
306
30
30
248
248
248
228
248
292
292
183
292
59
59
59
248
248
59
59
59
136
136
248
248
248
183
116
284
265
265
284
335
183
335
335
335
335
248
248
248
335
248
335
335
335
335
248
248
248
248
248
335
248
248
335
335
248
335
317
248
335
248
248
248
335
335
183
335
335
59
5
59
59
183
59
183
183
335
30
335
335
59
59
59
183
292
59
59
59
292
183
292
183
183
183
292
292
292
292
292
183
183
183
183
183
183
292
183
292
183
183
183
292
292
183
292
183
292
183
183
183
292
183
183
292
183
292
183
292
183
183
335
306
306
335
306
335
335
306
335
306
306
306
335
335
306
335
306
306
335
306
306
335
306
335
335
306
335
306
335
335
335
335
335
335
335
335
335
306
335
335
335
335
335
306
335
335
306
248
59
59
59
59
248
59
248
59
59
248
59
248
59
248
248
248
248
59
59
59
59
248
248
248
248
248
248
335
306
306
306
248
248
248
335
306
335
306
335
306
335
335
335
306
306
335
306
306
335
335
335
197
306
198
306
306
306
306
292
292
292
183
183
183
132
132
132
183
292
228
292
292
132
292
292
228
292
59
292
292
292
132
132
292
132
292
183
292
228
292
292
292
292
292
292
292
292
183
292
292
292
183
292
292
183
183
306
306
306
292
59
292
292
59
292
335
335
335
335
335
183
335
183
183
183
59
59
306
306
306
59
306
59
59
306
306
335
248
228
335
248
248
335
30
248
317
248
317
317
248
248
317
248
317
317
248
59
59
59
59
183
248
183
183
183
183
183
183
183
143
143
183
183
183
183
292
292
214
214
292
292
214
214
292
214
292
335
335
335
59
335
92
335
23
335
335
335
30
212
335
306
306
335
335
335
335
306
306
335
306
183
59
183
59
183
59
183
59
183
183
183
59
183
183
59
183
59
183
183
183
59
183
183
59
183
183
59
59
59
59
183
59
59
183
59
183
59
183
59
183
183
59
183
183
248
248
248
136
306
248
335
335
292
306
292
292
306
397
397
397
306
292
34
292
306
306
335
306
306
306
335
335
306
306
183
183
292
183
292
59
248
183
306
306
59
59
59
183
59
183
59
59
183
59
183
183
59
59
248
248
248
248
335
248
306
306
306
306
335
335
335
335
335
335
248
248
248
248
335
248
335
335
335
248
335
335
335
248
335
335
248
335
248
335
248
335
248
248
248
335
335
248
248
248
335
248
335
335
248
335
335
248
335
335
248
335
248
335
248
335
248
335
248
335
248
335
248
335
335
335
292
292
292
292
292
292
292
292
292
292
292
335
292
210
210
292
292
292
292
210
210
210
292
210
210
248
59
183
306
335
59
59
59
59
59
59
59
59
59
306
59
306
183
335
228
283
59
59
306
129
59
129
59
397
59
228
222
397
222
222
228
397
222
242
222
224
228
183
183
306
183
183
183
306
183
183
183
183
183
183
183
183
228
183
183
183
183
183
292
183
292
248
248
248
183
183
248
183
183
59
59
59
59
59
183
183
183
183
59
183
306
183
183
183
108
59
108
108
108
59
59
59
59
59
108
183
183
335
335
335
335
335
335
335
335
335
335
335
335
183
335
335
335
335
335
335
183
183
183
183
183
335
183
397
183
335
335
335
335
183
183
306
306
306
306
292
292
292
306
306
306
59
59
59
228
228
59
108
306
59
59
59
108
108
108
108
108
59
108
59
59
59
108
59
59
59
108
108
59
59
108
59
59
59
59
59
108
108
59
59
59
59
108
108
108
59
59
183
183
108
108
108
108
108
108
108
183
183
59
59
59
183
59
183
183
183
183
183
183
306
306
335
335
335
30
335
306
306
306
335
335
335
335
335
306
335
335
306
306
306
335
283
335
283
335
335
335
335
335
335
335
335
335
335
283
335
335
306
335
306
358
30
335
335
335
335
335
335
51
59
59
59
59
59
335
335
59
59
335
335
335
335
92
335
59
59
59
335
30
30
30
30
59
335
59
59
248
248
248
286
286
248
286
400
248
286
306
248
59
306
335
335
335
335
59
288
51
59
59
59
59
59
59
59
59
59
59
292
292
144
54
332
59
59
335
29
306
29
29
29
29
29
29
264
292
306
283
335
335
335
306
335
292
292
292
292
306
306
306
335
306
306
306
306
306
306
306
335
306
306
335
306
317
317
317
248
317
317
317
317
317
317
317
248
317
248
317
317
317
317
317
248
248
248
248
248
248
248
317
248
248
317
248
317
306
280
59
345
59
59
280
397
59
59
59
59
292
59
