335
306
248
248
0
248
248
292
59
248
317
183
335
306
335
306
306
183
335
335
183
59
306
306
306
306
306
306
37
306
306
306
306
306
306
306
306
51
335
0
292
292
292
292
0
210
292
292
292
292
0
0
265
292
292
292
0
306
306
306
306
335
248
306
306
248
306
306
306
306
306
306
306
335
306
306
284
306
306
335
306
306
306
335
306
306
306
335
306
335
248
0
306
306
335
306
335
306
335
0
306
335
183
183
292
292
248
248
306
292
0
306
292
248
306
335
0
183
183
306
8
59
306
335
335
335
59
59
335
306
51
51
358
30
335
306
51
335
335
335
51
335
30
30
335
30
59
335
306
306
335
335
335
335
335
335
335
98
0
335
335
335
335
51
59
59
248
0
306
306
306
306
248
242
306
306
306
29
335
335
306
306
306
306
335
248
306
306
59
59
335
183
183
59
59
0
183
306
335
59
0
306
335
292
183
292
292
248
183
292
292
5
248
248
5
292
292
248
248
248
5
335
248
26
59
306
306
306
335
306
248
248
0
0
317
317
306
59
59
59
59
59
59
0
292
0
248
306
248
306
292
171
306
0
0
306
388
248
306
248
335
335
197
306
306
335
306
0
0
335
0
0
335
0
0
59
183
59
183
59
183
183
335
335
0
30
335
335
200
183
0
335
306
335
335
335
317
0
306
168
183
59
59
183
59
183
0
0
168
59
75
59
75
0
59
59
59
59
59
26
183
292
306
306
306
306
396
0
306
335
306
335
335
306
335
306
0
306
335
335
335
335
0
306
306
306
306
248
292
292
0
292
335
306
29
0
0
292
292
306
283
306
306
335
335
306
306
335
306
335
306
306
306
306
335
335
335
335
335
250
248
248
335
248
0
197
183
248
335
335
0
59
183
59
345
183
59
59
218
218
183
183
183
59
218
218
183
198
0
214
0
183
59
59
48
59
48
59
48
48
306
183
335
335
248
306
306
248
306
306
306
306
306
306
306
248
335
335
248
335
248
248
306
248
248
292
306
248
248
248
248
183
306
335
306
0
0
306
248
248
335
380
0
0
380
183
0
59
335
248
183
0
0
59
59
59
59
59
59
183
183
59
59
59
268
268
59
335
183
268
335
183
59
268
268
306
268
0
0
58
306
0
335
0
292
335
183
306
51
306
335
306
195
183
183
335
183
335
0
271
306
59
75
0
59
75
335
306
195
306
335
197
306
0
30
0
292
397
0
283
397
292
335
0
183
26
59
183
335
335
283
228
306
335
292
335
0
335
59
0
26
183
75
183
183
335
397
0
306
317
283
283
248
306
306
248
283
335
335
306
335
335
335
60
335
335
51
306
335
335
306
306
306
0
306
335
306
306
306
335
0
0
306
335
306
306
335
306
335
306
335
335
335
292
306
0
306
335
335
335
306
306
306
335
306
306
283
306
306
306
248
0
335
335
335
0
335
0
335
335
0
335
0
183
228
335
0
335
0
335
0
335
335
0
335
30
306
306
335
0
183
292
292
292
292
183
0
0
17
0
0
183
183
306
183
59
59
59
59
59
268
292
292
261
292
292
0
248
0
292
0
292
292
0
51
335
0
306
335
335
51
51
99
306
335
335
306
306
306
335
335
335
0
51
335
306
335
335
306
306
335
335
306
306
306
306
306
306
306
335
30
335
306
306
335
306
51
335
335
335
335
51
335
335
306
306
335
335
99
335
335
248
248
306
306
248
0
292
58
335
335
335
192
335
306
335
59
0
59
280
280
280
280
282
280
183
150
183
0
59
146
225
183
59
59
306
197
248
248
292
292
0
306
387
292
306
197
306
292
397
292
292
292
51
292
0
397
0
0
105
0
292
397
0
0
0
292
0
0
292
292
292
183
292
0
292
0
0
306
183
0
0
306
51
306
292
335
183
335
183
183
292
183
335
0
0
0
292
292
292
335
292
292
292
0
0
183
292
0
60
183
183
0
60
292
183
0
0
183
183
335
0
0
338
0
0
338
0
0
183
0
183
183
183
0
317
306
0
0
0
0
183
0
335
0
183
335
0
183
0
0
0
0
335
306
0
59
0
0
183
79
292
79
183
79
79
79
292
59
59
59
183
183
59
292
306
59
335
26
306
59
59
292
0
0
306
0
59
183
335
306
183
335
335
335
335
335
306
335
306
306
335
306
306
335
306
335
0
0
248
0
335
59
306
306
183
248
30
248
248
248
248
0
183
183
0
0
292
30
292
30
30
30
306
335
306
30
30
335
358
292
0
335
306
51
96
306
96
96
96
358
59
183
183
51
358
96
96
335
335
335
51
306
306
306
335
335
0
0
0
0
0
30
335
0
0
0
335
358
335
335
335
335
30
30
358
0
0
306
59
59
335
248
306
386
248
306
248
248
248
306
248
248
248
30
335
306
335
335
335
335
59
183
59
317
306
335
386
386
386
183
108
0
0
0
0
0
0
335
0
0
51
51
0
51
59
51
51
51
59
335
306
0
335
335
306
306
335
306
306
335
335
306
335
335
335
51
5
335
335
335
306
335
335
306
0
335
306
335
306
335
335
306
335
335
306
335
306
306
306
335
335
51
59
335
335
306
306
0
306
306
335
248
306
306
197
397
292
0
335
292
58
59
292
51
335
0
335
306
183
183
306
335
197
306
306
306
335
335
335
306
335
197
17
335
335
306
306
306
306
183
183
183
183
335
335
59
183
183
0
133
335
183
0
59
183
228
0
0
59
0
183
59
335
335
335
317
306
388
335
335
335
306
248
248
183
59
0
335
306
335
335
306
335
287
306
306
306
335
335
306
335
335
306
335
335
335
335
335
335
335
0
335
335
335
0
335
306
335
306
306
306
306
335
306
306
306
197
306
183
0
197
306
0
292
0
292
0
0
388
388
335
0
335
183
157
157
355
183
0
0
0
70
70
0
248
157
157
157
157
22
335
183
335
306
306
335
306
335
197
197
306
197
306
306
306
335
306
197
306
197
197
197
306
335
335
335
306
306
335
306
306
335
335
248
335
306
197
306
306
197
197
197
306
197
0
0
59
105
0
0
292
0
292
0
292
0
292
292
292
292
105
292
292
59
0
0
0
0
0
0
0
0
59
197
335
335
335
335
335
306
335
306
0
0
335
335
335
335
335
306
248
197
335
335
335
335
335
335
0
335
306
335
335
335
335
0
306
306
306
335
335
306
306
335
306
0
306
335
306
335
306
306
335
335
306
306
306
306
306
335
306
335
306
335
335
306
306
306
248
355
335
306
335
335
248
248
335
0
335
292
292
183
292
248
59
59
248
248
59
335
335
204
204
248
248
248
183
166
42
167
167
42
335
306
335
335
335
335
306
248
248
306
306
306
306
0
335
306
306
306
248
248
335
30
248
0
335
306
306
0
248
0
248
0
248
0
317
0
335
335
0
205
306
306
0
192
0
0
335
30
183
183
306
30
59
183
292
0
0
0
292
183
292
0
183
342
292
292
292
292
292
59
0
0
0
0
0
292
0
292
0
0
0
292
292
0
292
0
292
0
183
0
335
317
0
335
0
335
0
335
0
183
335
306
306
335
306
335
335
197
335
306
306
306
335
335
306
335
197
306
335
51
306
335
306
335
335
306
335
306
335
335
335
335
335
335
335
335
335
306
335
335
335
335
335
306
248
0
306
248
59
59
59
59
0
0
183
59
59
183
306
183
59
183
183
183
183
59
59
59
59
248
183
183
183
183
183
335
0
306
306
248
248
306
335
0
335
0
151
248
151
151
151
248
248
248
0
248
335
335
248
317
248
240
248
248
197
248
0
292
292
0
0
0
0
0
0
0
292
0
292
292
0
292
292
0
292
0
292
0
292
0
0
292
0
292
0
292
0
292
292
0
292
335
183
183
335
0
335
292
292
183
335
335
183
108
306
335
306
335
335
292
183
0
292
335
0
335
335
335
306
59
183
335
335
59
0
183
306
306
59
306
335
59
183
0
136
248
136
335
248
248
0
335
248
136
183
136
306
183
248
136
183
136
136
183
59
59
59
0
183
292
183
183
183
183
228
306
183
17
292
183
183
0
183
292
292
0
59
292
292
0
0
292
321
292
335
335
183
59
335
345
335
306
335
335
335
0
345
335
306
306
335
335
335
335
306
306
248
306
183
59
183
59
0
59
183
335
183
183
183
59
183
183
59
0
59
183
183
183
0
183
183
335
183
183
335
59
59
59
183
335
59
183
59
183
59
183
335
183
183
59
183
183
306
248
248
317
306
248
335
317
0
0
335
292
306
197
197
197
59
292
210
292
248
306
335
292
306
292
335
335
306
306
183
183
292
0
292
0
248
306
306
306
335
335
59
183
59
183
335
335
183
59
183
183
335
59
248
248
248
248
306
248
306
306
306
306
335
335
306
306
306
306
248
248
306
248
306
306
335
335
335
0
306
335
335
306
335
335
248
306
306
335
248
306
248
248
248
306
306
248
248
248
306
306
335
306
248
306
306
248
306
306
306
335
306
335
248
306
248
306
248
335
248
306
306
306
306
306
292
335
292
292
292
306
292
292
60
0
0
0
292
397
397
0
335
292
0
0
397
397
292
397
397
248
59
183
306
335
59
0
59
0
59
183
183
0
0
292
59
306
183
317
335
335
59
59
9
100
9
100
9
101
9
100
100
0
100
100
0
0
306
9
100
100
100
183
183
306
183
183
335
183
183
59
306
183
183
335
183
183
288
183
183
183
0
0
292
183
292
248
397
248
306
306
248
183
183
335
59
335
335
335
183
183
183
183
59
0
306
335
335
183
108
59
183
108
108
59
59
59
59
0
183
183
183
335
335
306
335
335
335
335
306
306
335
335
306
183
335
306
335
306
306
183
183
306
306
183
183
306
183
306
306
335
335
306
335
183
183
306
306
306
306
292
292
335
306
306
306
59
0
59
59
0
0
108
108
0
59
59
108
183
108
108
183
59
108
0
0
0
108
0
59
183
108
108
59
59
108
59
59
59
59
59
112
0
59
59
183
0
0
0
108
59
59
183
183
108
108
108
108
108
108
108
0
183
59
183
183
183
335
183
183
183
183
183
0
306
306
335
335
335
30
30
306
306
306
335
335
335
335
30
306
335
335
306
306
306
335
30
335
30
51
335
335
335
0
30
335
335
335
335
335
335
335
306
335
306
358
30
183
183
335
183
183
335
213
59
59
59
59
59
183
0
213
213
335
0
335
335
213
0
59
306
306
335
335
183
0
0
59
0
59
59
248
248
272
272
272
306
272
306
272
272
306
248
306
306
335
335
306
335
306
257
183
22
185
22
0
0
0
0
0
185
22
183
292
257
335
272
306
339
335
339
306
339
335
339
339
339
339
339
292
0
0
335
335
335
306
335
292
292
292
0
306
306
306
335
306
306
306
306
306
306
306
335
306
306
335
306
317
306
317
248
317
317
317
317
317
317
317
248
317
248
317
317
306
59
306
248
248
248
248
248
248
248
317
248
248
306
248
317
26
26
59
26
59
59
197
75
59
0
0
0
292
0
